<?xml version="1.0" encoding="UTF-8"?>
<testsuite xmlns:xsi="http://www.w3.org/2001/XMLSchema-instance" xsi:noNamespaceSchemaLocation="https://maven.apache.org/surefire/maven-surefire-plugin/xsd/surefire-test-report.xsd" name="mototoke.opc.ua.client.AppTest" time="0.03" tests="1" errors="0" skipped="0" failures="0">
  <properties>
    <property name="java.specification.version" value="18"/>
    <property name="sun.jnu.encoding" value="UTF-8"/>
    <property name="java.class.path" value="/root/project/opc-client/target/test-classes:/root/project/opc-client/target/classes:/root/.m2/repository/junit/junit/4.11/junit-4.11.jar:/root/.m2/repository/org/hamcrest/hamcrest-core/1.3/hamcrest-core-1.3.jar:/root/.m2/repository/org/eclipse/milo/sdk-client/0.6.3/sdk-client-0.6.3.jar:/root/.m2/repository/org/eclipse/milo/stack-client/0.6.3/stack-client-0.6.3.jar:/root/.m2/repository/org/eclipse/milo/stack-core/0.6.3/stack-core-0.6.3.jar:/root/.m2/repository/org/bouncycastle/bcprov-jdk15on/1.61/bcprov-jdk15on-1.61.jar:/root/.m2/repository/org/bouncycastle/bcpkix-jdk15on/1.61/bcpkix-jdk15on-1.61.jar:/root/.m2/repository/com/google/guava/guava/26.0-jre/guava-26.0-jre.jar:/root/.m2/repository/io/netty/netty-codec/4.1.54.Final/netty-codec-4.1.54.Final.jar:/root/.m2/repository/io/netty/netty-handler/4.1.54.Final/netty-handler-4.1.54.Final.jar:/root/.m2/repository/io/netty/netty-resolver/4.1.54.Final/netty-resolver-4.1.54.Final.jar:/root/.m2/repository/org/slf4j/slf4j-api/1.7.25/slf4j-api-1.7.25.jar:/root/.m2/repository/org/glassfish/jaxb/jaxb-runtime/2.3.3/jaxb-runtime-2.3.3.jar:/root/.m2/repository/jakarta/xml/bind/jakarta.xml.bind-api/2.3.3/jakarta.xml.bind-api-2.3.3.jar:/root/.m2/repository/org/glassfish/jaxb/txw2/2.3.3/txw2-2.3.3.jar:/root/.m2/repository/com/sun/istack/istack-commons-runtime/3.0.11/istack-commons-runtime-3.0.11.jar:/root/.m2/repository/com/sun/activation/jakarta.activation/1.2.2/jakarta.activation-1.2.2.jar:/root/.m2/repository/com/digitalpetri/netty/netty-channel-fsm/0.5/netty-channel-fsm-0.5.jar:/root/.m2/repository/org/jetbrains/kotlin/kotlin-stdlib-jdk8/1.4.30/kotlin-stdlib-jdk8-1.4.30.jar:/root/.m2/repository/org/jetbrains/kotlin/kotlin-stdlib/1.4.30/kotlin-stdlib-1.4.30.jar:/root/.m2/repository/org/jetbrains/kotlin/kotlin-stdlib-common/1.4.30/kotlin-stdlib-common-1.4.30.jar:/root/.m2/repository/org/jetbrains/kotlin/kotlin-stdlib-jdk7/1.4.30/kotlin-stdlib-jdk7-1.4.30.jar:/root/.m2/repository/com/digitalpetri/fsm/strict-machine/0.5/strict-machine-0.5.jar:/root/.m2/repository/io/netty/netty-codec-http/4.1.54.Final/netty-codec-http-4.1.54.Final.jar:/root/.m2/repository/io/netty/netty-common/4.1.54.Final/netty-common-4.1.54.Final.jar:/root/.m2/repository/io/netty/netty-buffer/4.1.54.Final/netty-buffer-4.1.54.Final.jar:/root/.m2/repository/io/netty/netty-transport/4.1.54.Final/netty-transport-4.1.54.Final.jar:/root/.m2/repository/org/eclipse/milo/sdk-core/0.6.3/sdk-core-0.6.3.jar:/root/.m2/repository/org/eclipse/milo/server-examples/0.6.3/server-examples-0.6.3.jar:/root/.m2/repository/ch/qos/logback/logback-classic/1.1.7/logback-classic-1.1.7.jar:/root/.m2/repository/ch/qos/logback/logback-core/1.1.7/logback-core-1.1.7.jar:/root/.m2/repository/io/glutamate/glutamate/0.1.0/glutamate-0.1.0.jar:/root/.m2/repository/org/jetbrains/annotations/20.1.0/annotations-20.1.0.jar:"/>
    <property name="java.vm.vendor" value="Oracle Corporation"/>
    <property name="sun.arch.data.model" value="64"/>
    <property name="java.vendor.url" value="https://java.oracle.com/"/>
    <property name="os.name" value="Linux"/>
    <property name="java.vm.specification.version" value="18"/>
    <property name="sun.java.launcher" value="SUN_STANDARD"/>
    <property name="sun.boot.library.path" value="/usr/java/openjdk-18/lib"/>
    <property name="sun.java.command" value="/root/project/opc-client/target/surefire/surefirebooter15078704340232959962.jar /root/project/opc-client/target/surefire 2021-07-01T14-33-48_458-jvmRun1 surefire4349518090496608641tmp surefire_017263253963357826650tmp"/>
    <property name="jdk.debug" value="release"/>
    <property name="surefire.test.class.path" value="/root/project/opc-client/target/test-classes:/root/project/opc-client/target/classes:/root/.m2/repository/junit/junit/4.11/junit-4.11.jar:/root/.m2/repository/org/hamcrest/hamcrest-core/1.3/hamcrest-core-1.3.jar:/root/.m2/repository/org/eclipse/milo/sdk-client/0.6.3/sdk-client-0.6.3.jar:/root/.m2/repository/org/eclipse/milo/stack-client/0.6.3/stack-client-0.6.3.jar:/root/.m2/repository/org/eclipse/milo/stack-core/0.6.3/stack-core-0.6.3.jar:/root/.m2/repository/org/bouncycastle/bcprov-jdk15on/1.61/bcprov-jdk15on-1.61.jar:/root/.m2/repository/org/bouncycastle/bcpkix-jdk15on/1.61/bcpkix-jdk15on-1.61.jar:/root/.m2/repository/com/google/guava/guava/26.0-jre/guava-26.0-jre.jar:/root/.m2/repository/io/netty/netty-codec/4.1.54.Final/netty-codec-4.1.54.Final.jar:/root/.m2/repository/io/netty/netty-handler/4.1.54.Final/netty-handler-4.1.54.Final.jar:/root/.m2/repository/io/netty/netty-resolver/4.1.54.Final/netty-resolver-4.1.54.Final.jar:/root/.m2/repository/org/slf4j/slf4j-api/1.7.25/slf4j-api-1.7.25.jar:/root/.m2/repository/org/glassfish/jaxb/jaxb-runtime/2.3.3/jaxb-runtime-2.3.3.jar:/root/.m2/repository/jakarta/xml/bind/jakarta.xml.bind-api/2.3.3/jakarta.xml.bind-api-2.3.3.jar:/root/.m2/repository/org/glassfish/jaxb/txw2/2.3.3/txw2-2.3.3.jar:/root/.m2/repository/com/sun/istack/istack-commons-runtime/3.0.11/istack-commons-runtime-3.0.11.jar:/root/.m2/repository/com/sun/activation/jakarta.activation/1.2.2/jakarta.activation-1.2.2.jar:/root/.m2/repository/com/digitalpetri/netty/netty-channel-fsm/0.5/netty-channel-fsm-0.5.jar:/root/.m2/repository/org/jetbrains/kotlin/kotlin-stdlib-jdk8/1.4.30/kotlin-stdlib-jdk8-1.4.30.jar:/root/.m2/repository/org/jetbrains/kotlin/kotlin-stdlib/1.4.30/kotlin-stdlib-1.4.30.jar:/root/.m2/repository/org/jetbrains/kotlin/kotlin-stdlib-common/1.4.30/kotlin-stdlib-common-1.4.30.jar:/root/.m2/repository/org/jetbrains/kotlin/kotlin-stdlib-jdk7/1.4.30/kotlin-stdlib-jdk7-1.4.30.jar:/root/.m2/repository/com/digitalpetri/fsm/strict-machine/0.5/strict-machine-0.5.jar:/root/.m2/repository/io/netty/netty-codec-http/4.1.54.Final/netty-codec-http-4.1.54.Final.jar:/root/.m2/repository/io/netty/netty-common/4.1.54.Final/netty-common-4.1.54.Final.jar:/root/.m2/repository/io/netty/netty-buffer/4.1.54.Final/netty-buffer-4.1.54.Final.jar:/root/.m2/repository/io/netty/netty-transport/4.1.54.Final/netty-transport-4.1.54.Final.jar:/root/.m2/repository/org/eclipse/milo/sdk-core/0.6.3/sdk-core-0.6.3.jar:/root/.m2/repository/org/eclipse/milo/server-examples/0.6.3/server-examples-0.6.3.jar:/root/.m2/repository/ch/qos/logback/logback-classic/1.1.7/logback-classic-1.1.7.jar:/root/.m2/repository/ch/qos/logback/logback-core/1.1.7/logback-core-1.1.7.jar:/root/.m2/repository/io/glutamate/glutamate/0.1.0/glutamate-0.1.0.jar:/root/.m2/repository/org/jetbrains/annotations/20.1.0/annotations-20.1.0.jar:"/>
    <property name="sun.cpu.endian" value="little"/>
    <property name="user.home" value="/root"/>
    <property name="user.language" value="en"/>
    <property name="java.specification.vendor" value="Oracle Corporation"/>
    <property name="java.version.date" value="2022-03-15"/>
    <property name="java.home" value="/usr/java/openjdk-18"/>
    <property name="file.separator" value="/"/>
    <property name="basedir" value="/root/project/opc-client"/>
    <property name="java.vm.compressedOopsMode" value="Zero based"/>
    <property name="line.separator" value="&#10;"/>
    <property name="java.vm.specification.vendor" value="Oracle Corporation"/>
    <property name="java.specification.name" value="Java Platform API Specification"/>
    <property name="surefire.real.class.path" value="/root/project/opc-client/target/surefire/surefirebooter15078704340232959962.jar"/>
    <property name="sun.management.compiler" value="HotSpot 64-Bit Tiered Compilers"/>
    <property name="java.runtime.version" value="18-ea+3-63"/>
    <property name="user.name" value="root"/>
    <property name="path.separator" value=":"/>
    <property name="os.version" value="5.8.0-55-generic"/>
    <property name="java.runtime.name" value="OpenJDK Runtime Environment"/>
    <property name="file.encoding" value="UTF-8"/>
    <property name="java.vm.name" value="OpenJDK 64-Bit Server VM"/>
    <property name="localRepository" value="/root/.m2/repository"/>
    <property name="java.vendor.url.bug" value="https://bugreport.java.com/bugreport/"/>
    <property name="java.io.tmpdir" value="/tmp"/>
    <property name="java.version" value="18-ea"/>
    <property name="user.dir" value="/root/project/opc-client"/>
    <property name="os.arch" value="amd64"/>
    <property name="java.vm.specification.name" value="Java Virtual Machine Specification"/>
    <property name="native.encoding" value="UTF-8"/>
    <property name="java.library.path" value="/usr/java/packages/lib:/usr/lib64:/lib64:/lib:/usr/lib"/>
    <property name="java.vm.info" value="mixed mode, sharing"/>
    <property name="java.vendor" value="Oracle Corporation"/>
    <property name="java.vm.version" value="18-ea+3-63"/>
    <property name="sun.io.unicode.encoding" value="UnicodeLittle"/>
    <property name="java.class.version" value="62.0"/>
  </properties>
  <testcase name="shouldAnswerWithTrue" classname="mototoke.opc.ua.client.AppTest" time="0.005"/>
</testsuite>